[debug] [2023-09-25T10:09:42.582Z] ----------------------------------------------------------------------
[debug] [2023-09-25T10:09:42.584Z] Command:       C:\Program Files\nodejs\node.exe C:\Users\archit chaudhary\AppData\Roaming\npm\node_modules\firebase-tools\lib\bin\firebase.js init
[debug] [2023-09-25T10:09:42.585Z] CLI Version:   12.5.4
[debug] [2023-09-25T10:09:42.585Z] Platform:      win32
[debug] [2023-09-25T10:09:42.585Z] Node Version:  v16.14.2
[debug] [2023-09-25T10:09:42.586Z] Time:          Mon Sep 25 2023 15:39:42 GMT+0530 (India Standard Time)
[debug] [2023-09-25T10:09:42.586Z] ----------------------------------------------------------------------
[debug] 
[debug] [2023-09-25T10:09:42.594Z] > command requires scopes: ["email","openid","https://www.googleapis.com/auth/cloudplatformprojects.readonly","https://www.googleapis.com/auth/firebase","https://www.googleapis.com/auth/cloud-platform"]
[debug] [2023-09-25T10:09:42.595Z] > authorizing via signed-in user (architc19@gmail.com)
[info] 
     ######## #### ########  ######## ########     ###     ######  ########
     ##        ##  ##     ## ##       ##     ##  ##   ##  ##       ##
     ######    ##  ########  ######   ########  #########  ######  ######
     ##        ##  ##    ##  ##       ##     ## ##     ##       ## ##
     ##       #### ##     ## ######## ########  ##     ##  ######  ########

You're about to initialize a Firebase project in this directory:

  C:\Users\archit chaudhary\Desktop\netflix yt clone without stripe integration , final done now\netflix-build-youtube

[info] 
=== Project Setup
[info] 
[info] First, let's associate this project directory with a Firebase project.
[info] You can create multiple project aliases by running firebase use --add, 
[info] but for now we'll just set up a default project.
[info] 
[debug] [2023-09-25T10:10:12.966Z] >>> [apiv2][query] GET https://firebase.googleapis.com/v1beta1/projects pageSize=100
[debug] [2023-09-25T10:10:13.819Z] <<< [apiv2][status] GET https://firebase.googleapis.com/v1beta1/projects 200
[debug] [2023-09-25T10:10:13.819Z] <<< [apiv2][body] GET https://firebase.googleapis.com/v1beta1/projects [omitted]
[info] i  Using project netflix-clone-5202e (netflix-clone-youtube) 
[info] 
=== Database Setup
[info] i  database: ensuring required API firebasedatabase.googleapis.com is enabled... 
[debug] [2023-09-25T10:10:15.651Z] >>> [apiv2][query] GET https://serviceusage.googleapis.com/v1/projects/netflix-clone-5202e/services/firebasedatabase.googleapis.com [none]
[debug] [2023-09-25T10:10:15.651Z] >>> [apiv2][(partial)header] GET https://serviceusage.googleapis.com/v1/projects/netflix-clone-5202e/services/firebasedatabase.googleapis.com x-goog-quota-user=projects/netflix-clone-5202e
[debug] [2023-09-25T10:10:17.774Z] <<< [apiv2][status] GET https://serviceusage.googleapis.com/v1/projects/netflix-clone-5202e/services/firebasedatabase.googleapis.com 200
[debug] [2023-09-25T10:10:17.774Z] <<< [apiv2][body] GET https://serviceusage.googleapis.com/v1/projects/netflix-clone-5202e/services/firebasedatabase.googleapis.com [omitted]
[warn] !  database: missing required API firebasedatabase.googleapis.com. Enabling now... 
[debug] [2023-09-25T10:10:17.776Z] >>> [apiv2][query] POST https://serviceusage.googleapis.com/v1/projects/netflix-clone-5202e/services/firebasedatabase.googleapis.com:enable [none]
[debug] [2023-09-25T10:10:17.776Z] >>> [apiv2][(partial)header] POST https://serviceusage.googleapis.com/v1/projects/netflix-clone-5202e/services/firebasedatabase.googleapis.com:enable x-goog-quota-user=projects/netflix-clone-5202e
[debug] [2023-09-25T10:10:19.937Z] <<< [apiv2][status] POST https://serviceusage.googleapis.com/v1/projects/netflix-clone-5202e/services/firebasedatabase.googleapis.com:enable 200
[debug] [2023-09-25T10:10:19.937Z] <<< [apiv2][body] POST https://serviceusage.googleapis.com/v1/projects/netflix-clone-5202e/services/firebasedatabase.googleapis.com:enable [omitted]
[debug] [2023-09-25T10:10:29.942Z] >>> [apiv2][query] GET https://serviceusage.googleapis.com/v1/projects/netflix-clone-5202e/services/firebasedatabase.googleapis.com [none]
[debug] [2023-09-25T10:10:29.943Z] >>> [apiv2][(partial)header] GET https://serviceusage.googleapis.com/v1/projects/netflix-clone-5202e/services/firebasedatabase.googleapis.com x-goog-quota-user=projects/netflix-clone-5202e
[debug] [2023-09-25T10:10:31.845Z] <<< [apiv2][status] GET https://serviceusage.googleapis.com/v1/projects/netflix-clone-5202e/services/firebasedatabase.googleapis.com 200
[debug] [2023-09-25T10:10:31.846Z] <<< [apiv2][body] GET https://serviceusage.googleapis.com/v1/projects/netflix-clone-5202e/services/firebasedatabase.googleapis.com [omitted]
[info] +  database: required API firebasedatabase.googleapis.com is enabled 
[info] 
[debug] [2023-09-25T10:10:31.852Z] >>> [apiv2][query] GET https://firebase.googleapis.com/v1beta1/projects/netflix-clone-5202e [none]
[debug] [2023-09-25T10:10:32.387Z] <<< [apiv2][status] GET https://firebase.googleapis.com/v1beta1/projects/netflix-clone-5202e 200
[debug] [2023-09-25T10:10:32.388Z] <<< [apiv2][body] GET https://firebase.googleapis.com/v1beta1/projects/netflix-clone-5202e {"projectId":"netflix-clone-5202e","projectNumber":"413544482603","displayName":"netflix-clone-youtube","name":"projects/netflix-clone-5202e","resources":{"hostingSite":"netflix-clone-5202e"},"state":"ACTIVE","etag":"1_70256d97-563a-4d46-8f7e-2d42960fad5e"}
[debug] [2023-09-25T10:10:59.640Z] >>> [apiv2][query] POST https://firebasedatabase.googleapis.com/v1beta/projects/netflix-clone-5202e/locations/asia-southeast1/instances databaseId=netflix-clone-5202e-default-rtdb&validateOnly=true
[debug] [2023-09-25T10:10:59.640Z] >>> [apiv2][body] POST https://firebasedatabase.googleapis.com/v1beta/projects/netflix-clone-5202e/locations/asia-southeast1/instances {"type":"default_database"}
[debug] [2023-09-25T10:11:01.788Z] <<< [apiv2][status] POST https://firebasedatabase.googleapis.com/v1beta/projects/netflix-clone-5202e/locations/asia-southeast1/instances 200
[debug] [2023-09-25T10:11:01.789Z] <<< [apiv2][body] POST https://firebasedatabase.googleapis.com/v1beta/projects/netflix-clone-5202e/locations/asia-southeast1/instances {"name":"projects/413544482603/locations/asia-southeast1/instances/netflix-clone-5202e-default-rtdb","project":"projects/413544482603","databaseUrl":"https://netflix-clone-5202e-default-rtdb.asia-southeast1.firebasedatabase.app","type":"DEFAULT_DATABASE","state":"ACTIVE"}
[debug] [2023-09-25T10:11:01.795Z] >>> [apiv2][query] POST https://firebasedatabase.googleapis.com/v1beta/projects/netflix-clone-5202e/locations/asia-southeast1/instances databaseId=netflix-clone-5202e-default-rtdb
[debug] [2023-09-25T10:11:01.795Z] >>> [apiv2][body] POST https://firebasedatabase.googleapis.com/v1beta/projects/netflix-clone-5202e/locations/asia-southeast1/instances {"type":"default_database"}
[debug] [2023-09-25T10:11:04.141Z] <<< [apiv2][status] POST https://firebasedatabase.googleapis.com/v1beta/projects/netflix-clone-5202e/locations/asia-southeast1/instances 200
[debug] [2023-09-25T10:11:04.142Z] <<< [apiv2][body] POST https://firebasedatabase.googleapis.com/v1beta/projects/netflix-clone-5202e/locations/asia-southeast1/instances {"name":"projects/413544482603/locations/asia-southeast1/instances/netflix-clone-5202e-default-rtdb","project":"projects/413544482603","databaseUrl":"https://netflix-clone-5202e-default-rtdb.asia-southeast1.firebasedatabase.app","type":"DEFAULT_DATABASE","state":"ACTIVE"}
[info] 
[info] Firebase Realtime Database Security Rules allow you to define how your data should be
[info] structured and when your data can be read from and written to.
[info] 
[debug] [2023-09-25T10:11:10.389Z] >>> [apiv2][query] GET https://netflix-clone-5202e-default-rtdb.asia-southeast1.firebasedatabase.app/.settings/rules.json [none]
[debug] [2023-09-25T10:11:13.437Z] <<< [apiv2][status] GET https://netflix-clone-5202e-default-rtdb.asia-southeast1.firebasedatabase.app/.settings/rules.json 200
[debug] [2023-09-25T10:11:13.438Z] <<< [apiv2][body] GET https://netflix-clone-5202e-default-rtdb.asia-southeast1.firebasedatabase.app/.settings/rules.json [stream]
[info] +  Database Rules for netflix-clone-5202e-default-rtdb have been written to database.rules.json. 
[info] Future modifications to database.rules.json will update Realtime Database Security Rules when you run
[info] firebase deploy.
[info] 
=== Firestore Setup
[debug] [2023-09-25T10:11:13.444Z] >>> [apiv2][query] GET https://serviceusage.googleapis.com/v1/projects/netflix-clone-5202e/services/firestore.googleapis.com [none]
[debug] [2023-09-25T10:11:13.444Z] >>> [apiv2][(partial)header] GET https://serviceusage.googleapis.com/v1/projects/netflix-clone-5202e/services/firestore.googleapis.com x-goog-quota-user=projects/netflix-clone-5202e
[debug] [2023-09-25T10:11:15.397Z] <<< [apiv2][status] GET https://serviceusage.googleapis.com/v1/projects/netflix-clone-5202e/services/firestore.googleapis.com 200
[debug] [2023-09-25T10:11:15.397Z] <<< [apiv2][body] GET https://serviceusage.googleapis.com/v1/projects/netflix-clone-5202e/services/firestore.googleapis.com [omitted]
[debug] [2023-09-25T10:11:15.398Z] >>> [apiv2][query] GET https://firestore.googleapis.com/v1/projects/netflix-clone-5202e/databases/(default) [none]
[debug] [2023-09-25T10:11:15.938Z] <<< [apiv2][status] GET https://firestore.googleapis.com/v1/projects/netflix-clone-5202e/databases/(default) 200
[debug] [2023-09-25T10:11:15.938Z] <<< [apiv2][body] GET https://firestore.googleapis.com/v1/projects/netflix-clone-5202e/databases/(default) {"name":"projects/netflix-clone-5202e/databases/(default)","uid":"04bccaf9-a4f8-4e28-b54f-43273c356820","createTime":"2023-09-19T06:57:23.425916Z","updateTime":"2023-09-19T06:57:23.425916Z","locationId":"nam5","type":"FIRESTORE_NATIVE","concurrencyMode":"PESSIMISTIC","versionRetentionPeriod":"3600s","earliestVersionTime":"2023-09-25T09:11:17.740839Z","appEngineIntegrationMode":"DISABLED","keyPrefix":"s","pointInTimeRecoveryEnablement":"POINT_IN_TIME_RECOVERY_DISABLED","deleteProtectionState":"DELETE_PROTECTION_DISABLED","etag":"IMuL4e7CxYEDMPz02aqMtoED"}
[debug] [2023-09-25T10:11:15.939Z] database_type: FIRESTORE_NATIVE
[debug] [2023-09-25T10:11:15.939Z] > command requires scopes: ["email","openid","https://www.googleapis.com/auth/cloudplatformprojects.readonly","https://www.googleapis.com/auth/firebase","https://www.googleapis.com/auth/cloud-platform"]
[debug] [2023-09-25T10:11:15.939Z] > authorizing via signed-in user (architc19@gmail.com)
[debug] [2023-09-25T10:11:15.940Z] [iam] checking project netflix-clone-5202e for permissions ["firebase.projects.get"]
[debug] [2023-09-25T10:11:15.940Z] >>> [apiv2][query] POST https://cloudresourcemanager.googleapis.com/v1/projects/netflix-clone-5202e:testIamPermissions [none]
[debug] [2023-09-25T10:11:15.940Z] >>> [apiv2][(partial)header] POST https://cloudresourcemanager.googleapis.com/v1/projects/netflix-clone-5202e:testIamPermissions x-goog-quota-user=projects/netflix-clone-5202e
[debug] [2023-09-25T10:11:15.940Z] >>> [apiv2][body] POST https://cloudresourcemanager.googleapis.com/v1/projects/netflix-clone-5202e:testIamPermissions {"permissions":["firebase.projects.get"]}
[debug] [2023-09-25T10:11:17.559Z] <<< [apiv2][status] POST https://cloudresourcemanager.googleapis.com/v1/projects/netflix-clone-5202e:testIamPermissions 200
[debug] [2023-09-25T10:11:17.560Z] <<< [apiv2][body] POST https://cloudresourcemanager.googleapis.com/v1/projects/netflix-clone-5202e:testIamPermissions {"permissions":["firebase.projects.get"]}
[info] 
[info] Firestore Security Rules allow you to define how and when to allow
[info] requests. You can keep these rules in your project directory
[info] and publish them with firebase deploy.
[info] 
[debug] [2023-09-25T10:11:20.141Z] >>> [apiv2][query] GET https://firebaserules.googleapis.com/v1/projects/netflix-clone-5202e/releases pageSize=10&pageToken=
[debug] [2023-09-25T10:11:22.739Z] <<< [apiv2][status] GET https://firebaserules.googleapis.com/v1/projects/netflix-clone-5202e/releases 200
[debug] [2023-09-25T10:11:22.739Z] <<< [apiv2][body] GET https://firebaserules.googleapis.com/v1/projects/netflix-clone-5202e/releases {"releases":[{"name":"projects/netflix-clone-5202e/releases/cloud.firestore","rulesetName":"projects/netflix-clone-5202e/rulesets/8946e259-e5d2-4a60-978c-827056a242b3","createTime":"2023-09-19T06:57:30.872636Z","updateTime":"2023-09-19T06:57:30.872636Z"}]}
[debug] [2023-09-25T10:11:22.740Z] Found ruleset: projects/netflix-clone-5202e/rulesets/8946e259-e5d2-4a60-978c-827056a242b3
[debug] [2023-09-25T10:11:22.742Z] >>> [apiv2][query] GET https://firebaserules.googleapis.com/v1/projects/netflix-clone-5202e/rulesets/8946e259-e5d2-4a60-978c-827056a242b3 [none]
[debug] [2023-09-25T10:11:24.318Z] <<< [apiv2][status] GET https://firebaserules.googleapis.com/v1/projects/netflix-clone-5202e/rulesets/8946e259-e5d2-4a60-978c-827056a242b3 200
[debug] [2023-09-25T10:11:24.319Z] <<< [apiv2][body] GET https://firebaserules.googleapis.com/v1/projects/netflix-clone-5202e/rulesets/8946e259-e5d2-4a60-978c-827056a242b3 [omitted]
[info] 
[info] Firestore indexes allow you to perform complex queries while
[info] maintaining performance that scales with the size of the result
[info] set. You can keep index definitions in your project directory
[info] and publish them with firebase deploy.
[info] 
[debug] [2023-09-25T10:11:24.348Z] >>> [apiv2][query] GET https://firestore.googleapis.com/v1/projects/netflix-clone-5202e/databases/(default)/collectionGroups/-/indexes [none]
[debug] [2023-09-25T10:11:24.350Z] >>> [apiv2][query] GET https://firestore.googleapis.com/v1/projects/netflix-clone-5202e/databases/(default)/collectionGroups/-/fields?filter=indexConfig.usesAncestorConfig=false OR ttlConfig:* [none]
[debug] [2023-09-25T10:11:26.231Z] <<< [apiv2][status] GET https://firestore.googleapis.com/v1/projects/netflix-clone-5202e/databases/(default)/collectionGroups/-/indexes 200
[debug] [2023-09-25T10:11:26.232Z] <<< [apiv2][body] GET https://firestore.googleapis.com/v1/projects/netflix-clone-5202e/databases/(default)/collectionGroups/-/indexes {}
[debug] [2023-09-25T10:11:26.405Z] <<< [apiv2][status] GET https://firestore.googleapis.com/v1/projects/netflix-clone-5202e/databases/(default)/collectionGroups/-/fields?filter=indexConfig.usesAncestorConfig=false OR ttlConfig:* 200
[debug] [2023-09-25T10:11:26.406Z] <<< [apiv2][body] GET https://firestore.googleapis.com/v1/projects/netflix-clone-5202e/databases/(default)/collectionGroups/-/fields?filter=indexConfig.usesAncestorConfig=false OR ttlConfig:* {"fields":[{"name":"projects/netflix-clone-5202e/databases/(default)/collectionGroups/__default__/fields/*","indexConfig":{"indexes":[{"queryScope":"COLLECTION","fields":[{"fieldPath":"*","order":"ASCENDING"}],"state":"READY"},{"queryScope":"COLLECTION","fields":[{"fieldPath":"*","order":"DESCENDING"}],"state":"READY"},{"queryScope":"COLLECTION","fields":[{"fieldPath":"*","arrayConfig":"CONTAINS"}],"state":"READY"}]}}]}
[info] 
=== Functions Setup
[debug] [2023-09-25T10:11:26.415Z] > command requires scopes: ["email","openid","https://www.googleapis.com/auth/cloudplatformprojects.readonly","https://www.googleapis.com/auth/firebase","https://www.googleapis.com/auth/cloud-platform"]
[debug] [2023-09-25T10:11:26.416Z] > authorizing via signed-in user (architc19@gmail.com)
[debug] [2023-09-25T10:11:26.416Z] [iam] checking project netflix-clone-5202e for permissions ["firebase.projects.get"]
[debug] [2023-09-25T10:11:26.417Z] >>> [apiv2][query] POST https://cloudresourcemanager.googleapis.com/v1/projects/netflix-clone-5202e:testIamPermissions [none]
[debug] [2023-09-25T10:11:26.418Z] >>> [apiv2][(partial)header] POST https://cloudresourcemanager.googleapis.com/v1/projects/netflix-clone-5202e:testIamPermissions x-goog-quota-user=projects/netflix-clone-5202e
[debug] [2023-09-25T10:11:26.418Z] >>> [apiv2][body] POST https://cloudresourcemanager.googleapis.com/v1/projects/netflix-clone-5202e:testIamPermissions {"permissions":["firebase.projects.get"]}
[debug] [2023-09-25T10:11:27.999Z] <<< [apiv2][status] POST https://cloudresourcemanager.googleapis.com/v1/projects/netflix-clone-5202e:testIamPermissions 200
[debug] [2023-09-25T10:11:27.999Z] <<< [apiv2][body] POST https://cloudresourcemanager.googleapis.com/v1/projects/netflix-clone-5202e:testIamPermissions {"permissions":["firebase.projects.get"]}
[debug] [2023-09-25T10:11:28.000Z] >>> [apiv2][query] GET https://serviceusage.googleapis.com/v1/projects/netflix-clone-5202e/services/cloudfunctions.googleapis.com [none]
[debug] [2023-09-25T10:11:28.000Z] >>> [apiv2][(partial)header] GET https://serviceusage.googleapis.com/v1/projects/netflix-clone-5202e/services/cloudfunctions.googleapis.com x-goog-quota-user=projects/netflix-clone-5202e
[debug] [2023-09-25T10:11:28.004Z] >>> [apiv2][query] GET https://serviceusage.googleapis.com/v1/projects/netflix-clone-5202e/services/runtimeconfig.googleapis.com [none]
[debug] [2023-09-25T10:11:28.005Z] >>> [apiv2][(partial)header] GET https://serviceusage.googleapis.com/v1/projects/netflix-clone-5202e/services/runtimeconfig.googleapis.com x-goog-quota-user=projects/netflix-clone-5202e
[debug] [2023-09-25T10:11:29.925Z] <<< [apiv2][status] GET https://serviceusage.googleapis.com/v1/projects/netflix-clone-5202e/services/cloudfunctions.googleapis.com 200
[debug] [2023-09-25T10:11:29.925Z] <<< [apiv2][body] GET https://serviceusage.googleapis.com/v1/projects/netflix-clone-5202e/services/cloudfunctions.googleapis.com [omitted]
[debug] [2023-09-25T10:11:29.960Z] <<< [apiv2][status] GET https://serviceusage.googleapis.com/v1/projects/netflix-clone-5202e/services/runtimeconfig.googleapis.com 200
[debug] [2023-09-25T10:11:29.961Z] <<< [apiv2][body] GET https://serviceusage.googleapis.com/v1/projects/netflix-clone-5202e/services/runtimeconfig.googleapis.com [omitted]
[info] Let's create a new codebase for your functions.
[info] A directory corresponding to the codebase will be created in your project
[info] with sample code pre-configured.

[info] See https://firebase.google.com/docs/functions/organize-functions for
[info] more information on organizing your functions using codebases.

[info] Functions can be deployed with firebase deploy.

[info] +  Wrote functions/package.json 
[info] +  Wrote functions/.eslintrc.js 
[info] +  Wrote functions/index.js 
[info] +  Wrote functions/.gitignore 
